<?xml version="1.0" encoding="UTF-8"?>
<testng-results ignored="0" total="3" passed="3" failed="0" skipped="0">
  <reporter-output>
  </reporter-output>
  <suite started-at="2024-04-29T23:01:00 GMT-03:00" name="Default suite" finished-at="2024-04-29T23:01:00 GMT-03:00" duration-ms="75">
    <groups>
    </groups>
    <test started-at="2024-04-29T23:01:00 GMT-03:00" name="Default test" finished-at="2024-04-29T23:01:00 GMT-03:00" duration-ms="75">
      <class name="AnnotationEg">
        <test-method is-config="true" signature="beforetest()[pri:0, instance:AnnotationEg@b62d79]" started-at="2024-04-29T23:01:00 GMT-03:00" name="beforetest" finished-at="2024-04-29T23:01:00 GMT-03:00" duration-ms="10" status="PASS">
          <reporter-output>
          </reporter-output>
        </test-method> <!-- beforetest -->
        <test-method is-config="true" signature="beforeclass()[pri:0, instance:AnnotationEg@b62d79]" started-at="2024-04-29T23:01:00 GMT-03:00" name="beforeclass" finished-at="2024-04-29T23:01:00 GMT-03:00" duration-ms="0" status="PASS">
          <reporter-output>
          </reporter-output>
        </test-method> <!-- beforeclass -->
        <test-method is-config="true" signature="beforemethod()[pri:0, instance:AnnotationEg@b62d79]" started-at="2024-04-29T23:01:00 GMT-03:00" name="beforemethod" finished-at="2024-04-29T23:01:00 GMT-03:00" duration-ms="0" status="PASS">
          <reporter-output>
          </reporter-output>
        </test-method> <!-- beforemethod -->
        <test-method signature="method1()[pri:0, instance:AnnotationEg@b62d79]" started-at="2024-04-29T23:01:00 GMT-03:00" name="method1" finished-at="2024-04-29T23:01:00 GMT-03:00" duration-ms="6" status="PASS">
          <reporter-output>
          </reporter-output>
        </test-method> <!-- method1 -->
        <test-method is-config="true" signature="aftermethod()[pri:0, instance:AnnotationEg@b62d79]" started-at="2024-04-29T23:01:00 GMT-03:00" name="aftermethod" finished-at="2024-04-29T23:01:00 GMT-03:00" duration-ms="0" status="PASS">
          <reporter-output>
          </reporter-output>
        </test-method> <!-- aftermethod -->
        <test-method signature="method2()[pri:0, instance:AnnotationEg@b62d79]" started-at="2024-04-29T23:01:00 GMT-03:00" name="method2" finished-at="2024-04-29T23:01:00 GMT-03:00" duration-ms="2" status="PASS">
          <reporter-output>
          </reporter-output>
        </test-method> <!-- method2 -->
        <test-method is-config="true" signature="beforemethod()[pri:0, instance:AnnotationEg@b62d79]" started-at="2024-04-29T23:01:00 GMT-03:00" name="beforemethod" finished-at="2024-04-29T23:01:00 GMT-03:00" duration-ms="0" status="PASS">
          <reporter-output>
          </reporter-output>
        </test-method> <!-- beforemethod -->
        <test-method is-config="true" signature="aftermethod()[pri:0, instance:AnnotationEg@b62d79]" started-at="2024-04-29T23:01:00 GMT-03:00" name="aftermethod" finished-at="2024-04-29T23:01:00 GMT-03:00" duration-ms="0" status="PASS">
          <reporter-output>
          </reporter-output>
        </test-method> <!-- aftermethod -->
        <test-method is-config="true" signature="beforemethod()[pri:0, instance:AnnotationEg@b62d79]" started-at="2024-04-29T23:01:00 GMT-03:00" name="beforemethod" finished-at="2024-04-29T23:01:00 GMT-03:00" duration-ms="1" status="PASS">
          <reporter-output>
          </reporter-output>
        </test-method> <!-- beforemethod -->
        <test-method signature="method3()[pri:0, instance:AnnotationEg@b62d79]" started-at="2024-04-29T23:01:00 GMT-03:00" name="method3" finished-at="2024-04-29T23:01:00 GMT-03:00" duration-ms="2" status="PASS">
          <reporter-output>
          </reporter-output>
        </test-method> <!-- method3 -->
        <test-method is-config="true" signature="aftermethod()[pri:0, instance:AnnotationEg@b62d79]" started-at="2024-04-29T23:01:00 GMT-03:00" name="aftermethod" finished-at="2024-04-29T23:01:00 GMT-03:00" duration-ms="0" status="PASS">
          <reporter-output>
          </reporter-output>
        </test-method> <!-- aftermethod -->
        <test-method is-config="true" signature="afterclass()[pri:0, instance:AnnotationEg@b62d79]" started-at="2024-04-29T23:01:00 GMT-03:00" name="afterclass" finished-at="2024-04-29T23:01:00 GMT-03:00" duration-ms="0" status="PASS">
          <reporter-output>
          </reporter-output>
        </test-method> <!-- afterclass -->
        <test-method is-config="true" signature="aftertest()[pri:0, instance:AnnotationEg@b62d79]" started-at="2024-04-29T23:01:00 GMT-03:00" name="aftertest" finished-at="2024-04-29T23:01:00 GMT-03:00" duration-ms="0" status="PASS">
          <reporter-output>
          </reporter-output>
        </test-method> <!-- aftertest -->
      </class> <!-- AnnotationEg -->
    </test> <!-- Default test -->
  </suite> <!-- Default suite -->
</testng-results>
