<?xml version="1.0" encoding="UTF-8"?>
<!-- Generated by org.testng.reporters.JUnitXMLReporter -->
<testsuite ignored="0" hostname="DESKTOP-7EUDCAL" failures="0" tests="6" name="Sauce_Tests" time="29.47" errors="0" timestamp="2024-04-30T22:29:17 GMT-03:00">
  <testcase classname="SauceTests.LogoutTest" name="logout" time="0.365"/>
  <testcase classname="SauceTests.LoginTest" name="inValidLogin" time="0.411"/>
  <testcase classname="SauceTests.LoginTest" name="validLogin" time="0.455"/>
  <testcase classname="SauceTests.FilterTest" name="filterHighPrice" time="2.208"/>
  <testcase classname="SauceTests.FilterTest" name="filterLowPrice" time="2.195"/>
  <testcase classname="SauceTests.FilterTest" name="filterName" time="2.245"/>
</testsuite> <!-- Sauce_Tests -->
