<?xml version="1.0" encoding="UTF-8"?>
<testng-results ignored="0" total="4" passed="4" failed="0" skipped="0">
  <reporter-output>
  </reporter-output>
  <suite started-at="2024-05-01T22:59:50 GMT-03:00" name="Suite" finished-at="2024-05-01T23:00:04 GMT-03:00" duration-ms="13291">
    <groups>
    </groups>
    <test started-at="2024-05-01T22:59:50 GMT-03:00" name="Test" finished-at="2024-05-01T23:00:04 GMT-03:00" duration-ms="13291">
      <class name="TestNgEx.ParallelExecution">
        <test-method signature="cartTest()[pri:0, instance:TestNgEx.ParallelExecution@5939a379]" started-at="2024-05-01T22:59:50 GMT-03:00" name="cartTest" finished-at="2024-05-01T22:59:59 GMT-03:00" duration-ms="8826" status="PASS">
          <reporter-output>
          </reporter-output>
        </test-method> <!-- cartTest -->
        <test-method signature="logoutTest()[pri:0, instance:TestNgEx.ParallelExecution@5939a379]" started-at="2024-05-01T22:59:50 GMT-03:00" name="logoutTest" finished-at="2024-05-01T22:59:59 GMT-03:00" duration-ms="8644" status="PASS">
          <reporter-output>
          </reporter-output>
        </test-method> <!-- logoutTest -->
        <test-method signature="filtertest()[pri:0, instance:TestNgEx.ParallelExecution@5939a379]" started-at="2024-05-01T22:59:50 GMT-03:00" name="filtertest" finished-at="2024-05-01T22:59:59 GMT-03:00" duration-ms="9026" status="PASS">
          <reporter-output>
          </reporter-output>
        </test-method> <!-- filtertest -->
        <test-method signature="abouttest()[pri:0, instance:TestNgEx.ParallelExecution@5939a379]" started-at="2024-05-01T22:59:50 GMT-03:00" name="abouttest" finished-at="2024-05-01T23:00:04 GMT-03:00" duration-ms="13223" status="PASS">
          <reporter-output>
          </reporter-output>
        </test-method> <!-- abouttest -->
      </class> <!-- TestNgEx.ParallelExecution -->
    </test> <!-- Test -->
  </suite> <!-- Suite -->
</testng-results>
