<?xml version="1.0" encoding="UTF-8"?>
<!-- Generated by org.testng.reporters.JUnitXMLReporter -->
<testsuite ignored="0" hostname="DESKTOP-7EUDCAL" failures="1" tests="5" name="NinjaTest" time="25.27" errors="0" timestamp="2024-05-06T23:00:57 GMT-03:00">
  <testcase classname="testcases.ForgotPasswordTest" name="verifyForgottenPassword" time="0.968">
    <failure type="java.io.IOException" message="The system cannot find the path specified">
      <![CDATA[java.io.IOException: The system cannot find the path specified
at java.base/java.io.WinNTFileSystem.canonicalize0(Native Method)
at java.base/java.io.WinNTFileSystem.canonicalize(WinNTFileSystem.java:417)
at java.base/java.io.File.getCanonicalPath(File.java:626)
at org.apache.commons.io.FileUtils.requireCanonicalPathsNotEquals(FileUtils.java:2702)
at org.apache.commons.io.FileUtils.copyFile(FileUtils.java:801)
at org.apache.commons.io.FileUtils.copyFile(FileUtils.java:834)
at org.apache.commons.io.FileUtils.copyFile(FileUtils.java:742)
at testutil.TestUtil.Screenshot(TestUtil.java:35)
at testcases.ForgotPasswordTest.verifyForgottenPassword(ForgotPasswordTest.java:30)
at java.base/java.util.ArrayList.forEach(ArrayList.java:1511)
... Removed 27 stack frames]]>
    </failure>
  </testcase> <!-- verifyForgottenPassword -->
  <testcase classname="testcases.RegisterTest" name="verifyRegister" time="2.187"/>
  <testcase classname="testcases.RegisterTest" name="verifyWarningMessage" time="1.204"/>
  <testcase classname="testcases.LoginTest" name="invalidLogin" time="3.917"/>
  <testcase classname="testcases.LoginTest" name="validLogin" time="2.959"/>
</testsuite> <!-- NinjaTest -->
