<?xml version="1.0" encoding="UTF-8"?>
<!-- Generated by org.testng.reporters.JUnitXMLReporter -->
<testsuite ignored="0" hostname="DESKTOP-7EUDCAL" failures="0" tests="4" name="Test" time="13.291" errors="0" timestamp="2024-05-01T23:00:04 GMT-03:00">
  <testcase classname="TestNgEx.ParallelExecution" name="logoutTest" time="8.644"/>
  <testcase classname="TestNgEx.ParallelExecution" name="cartTest" time="8.826"/>
  <testcase classname="TestNgEx.ParallelExecution" name="filtertest" time="9.026"/>
  <testcase classname="TestNgEx.ParallelExecution" name="abouttest" time="13.223"/>
</testsuite> <!-- Test -->
