<?xml version="1.0" encoding="UTF-8"?>
<testng-results ignored="0" total="1" passed="1" failed="0" skipped="0">
  <reporter-output>
  </reporter-output>
  <suite started-at="2024-05-06T23:18:57 GMT-03:00" name="Default suite" finished-at="2024-05-06T23:19:01 GMT-03:00" duration-ms="3743">
    <groups>
    </groups>
    <test started-at="2024-05-06T23:18:57 GMT-03:00" name="Default test" finished-at="2024-05-06T23:19:01 GMT-03:00" duration-ms="3743">
      <class name="testcases.ForgotPasswordTest">
        <test-method is-config="true" signature="init()[pri:0, instance:testcases.ForgotPasswordTest@593aaf41]" started-at="2024-05-06T23:18:57 GMT-03:00" name="init" finished-at="2024-05-06T23:19:00 GMT-03:00" duration-ms="2690" status="PASS">
          <reporter-output>
          </reporter-output>
        </test-method> <!-- init -->
        <test-method signature="verifyForgottenPassword()[pri:0, instance:testcases.ForgotPasswordTest@593aaf41]" started-at="2024-05-06T23:19:00 GMT-03:00" name="verifyForgottenPassword" finished-at="2024-05-06T23:19:01 GMT-03:00" duration-ms="805" status="PASS">
          <reporter-output>
          </reporter-output>
        </test-method> <!-- verifyForgottenPassword -->
        <test-method is-config="true" signature="teardown()[pri:0, instance:testcases.ForgotPasswordTest@593aaf41]" started-at="2024-05-06T23:19:01 GMT-03:00" name="teardown" finished-at="2024-05-06T23:19:01 GMT-03:00" duration-ms="192" status="PASS">
          <reporter-output>
          </reporter-output>
        </test-method> <!-- teardown -->
      </class> <!-- testcases.ForgotPasswordTest -->
    </test> <!-- Default test -->
  </suite> <!-- Default suite -->
</testng-results>
