<?xml version="1.0" encoding="UTF-8"?>
<testng-results ignored="0" total="2" passed="2" failed="0" skipped="0">
  <reporter-output>
  </reporter-output>
  <suite started-at="2024-05-03T23:07:47 GMT-03:00" name="Default suite" finished-at="2024-05-03T23:07:58 GMT-03:00" duration-ms="10785">
    <groups>
    </groups>
    <test started-at="2024-05-03T23:07:47 GMT-03:00" name="Default test" finished-at="2024-05-03T23:07:58 GMT-03:00" duration-ms="10785">
      <class name="testcases.LoginTest">
        <test-method is-config="true" signature="init()[pri:0, instance:testcases.LoginTest@21e360a]" started-at="2024-05-03T23:07:47 GMT-03:00" name="init" finished-at="2024-05-03T23:07:50 GMT-03:00" duration-ms="2975" status="PASS">
          <reporter-output>
          </reporter-output>
        </test-method> <!-- init -->
        <test-method signature="invalidLogin()[pri:0, instance:testcases.LoginTest@21e360a]" started-at="2024-05-03T23:07:50 GMT-03:00" name="invalidLogin" finished-at="2024-05-03T23:07:53 GMT-03:00" duration-ms="2570" status="PASS">
          <reporter-output>
          </reporter-output>
        </test-method> <!-- invalidLogin -->
        <test-method is-config="true" signature="teardown()[pri:0, instance:testcases.LoginTest@21e360a]" started-at="2024-05-03T23:07:53 GMT-03:00" name="teardown" finished-at="2024-05-03T23:07:53 GMT-03:00" duration-ms="255" status="PASS">
          <reporter-output>
          </reporter-output>
        </test-method> <!-- teardown -->
        <test-method is-config="true" signature="init()[pri:0, instance:testcases.LoginTest@21e360a]" started-at="2024-05-03T23:07:53 GMT-03:00" name="init" finished-at="2024-05-03T23:07:55 GMT-03:00" duration-ms="2205" status="PASS">
          <reporter-output>
          </reporter-output>
        </test-method> <!-- init -->
        <test-method signature="validLogin()[pri:0, instance:testcases.LoginTest@21e360a]" started-at="2024-05-03T23:07:55 GMT-03:00" name="validLogin" finished-at="2024-05-03T23:07:58 GMT-03:00" duration-ms="2502" status="PASS">
          <reporter-output>
          </reporter-output>
        </test-method> <!-- validLogin -->
        <test-method is-config="true" signature="teardown()[pri:0, instance:testcases.LoginTest@21e360a]" started-at="2024-05-03T23:07:58 GMT-03:00" name="teardown" finished-at="2024-05-03T23:07:58 GMT-03:00" duration-ms="207" status="PASS">
          <reporter-output>
          </reporter-output>
        </test-method> <!-- teardown -->
      </class> <!-- testcases.LoginTest -->
    </test> <!-- Default test -->
  </suite> <!-- Default suite -->
</testng-results>
