<?xml version="1.0" encoding="UTF-8"?>
<!-- Generated by org.testng.reporters.JUnitXMLReporter -->
<testsuite ignored="3" hostname="DESKTOP-7EUDCAL" failures="0" tests="4" name="GroupTest" time="0.084" errors="0" timestamp="2024-05-01T22:22:15 GMT-03:00">
  <testcase classname="TestNgEx.TestCases" name="carttest" time="0.014"/>
  <testcase classname="TestNgEx.TestCases" name="filtertest" time="0.001"/>
  <testcase classname="TestNgEx.TestCases" name="logouttest" time="0.001"/>
  <testcase classname="TestNgEx.TestCases" name="ordertest" time="0.003"/>
  <testcase classname="TestNgEx.TestCases" name="forgotpaswordtest" time="0.0">
    <ignored/>
  </testcase> <!-- forgotpaswordtest -->
  <testcase classname="TestNgEx.TestCases" name="registertest" time="0.0">
    <ignored/>
  </testcase> <!-- registertest -->
  <testcase classname="TestNgEx.TestCases" name="logintest" time="0.0">
    <ignored/>
  </testcase> <!-- logintest -->
</testsuite> <!-- GroupTest -->
